<?xml version="1.0" encoding="UTF-8"?>
<testsuite xmlns:xsi="http://www.w3.org/2001/XMLSchema-instance" xsi:noNamespaceSchemaLocation="https://maven.apache.org/surefire/maven-surefire-plugin/xsd/surefire-test-report-3.0.xsd" version="3.0" name="ru.spbstu.telematics.java.AppTest" time="1.921" tests="1" errors="0" skipped="0" failures="0">
  <properties>
    <property name="http.proxyHost" value="localhost"/>
    <property name="java.specification.version" value="23"/>
    <property name="sun.jnu.encoding" value="UTF-8"/>
    <property name="java.class.path" value="/Users/ayzek/Desktop/Ayzek/5 сем/JavaLabs/ThirdLab/Salimli_ThirdLab_Radio/target/test-classes:/Users/ayzek/Desktop/Ayzek/5 сем/JavaLabs/ThirdLab/Salimli_ThirdLab_Radio/target/classes:/Users/ayzek/.m2/repository/org/junit/jupiter/junit-jupiter/5.10.0/junit-jupiter-5.10.0.jar:/Users/ayzek/.m2/repository/org/junit/jupiter/junit-jupiter-api/5.10.0/junit-jupiter-api-5.10.0.jar:/Users/ayzek/.m2/repository/org/opentest4j/opentest4j/1.3.0/opentest4j-1.3.0.jar:/Users/ayzek/.m2/repository/org/junit/platform/junit-platform-commons/1.10.0/junit-platform-commons-1.10.0.jar:/Users/ayzek/.m2/repository/org/apiguardian/apiguardian-api/1.1.2/apiguardian-api-1.1.2.jar:/Users/ayzek/.m2/repository/org/junit/jupiter/junit-jupiter-params/5.10.0/junit-jupiter-params-5.10.0.jar:/Users/ayzek/.m2/repository/org/junit/jupiter/junit-jupiter-engine/5.10.0/junit-jupiter-engine-5.10.0.jar:/Users/ayzek/.m2/repository/org/junit/platform/junit-platform-engine/1.10.0/junit-platform-engine-1.10.0.jar:"/>
    <property name="https.proxyPort" value="8118"/>
    <property name="java.vm.vendor" value="Homebrew"/>
    <property name="sun.arch.data.model" value="64"/>
    <property name="java.vendor.url" value="https://github.com/Homebrew/homebrew-core/issues"/>
    <property name="os.name" value="Mac OS X"/>
    <property name="java.vm.specification.version" value="23"/>
    <property name="sun.java.launcher" value="SUN_STANDARD"/>
    <property name="user.country" value="RU"/>
    <property name="sun.boot.library.path" value="/opt/homebrew/Cellar/openjdk/23.0.1/libexec/openjdk.jdk/Contents/Home/lib"/>
    <property name="sun.java.command" value="/Users/ayzek/Desktop/Ayzek/5 сем/JavaLabs/ThirdLab/Salimli_ThirdLab_Radio/target/surefire/surefirebooter-20241215212235873_3.jar /Users/ayzek/Desktop/Ayzek/5 сем/JavaLabs/ThirdLab/Salimli_ThirdLab_Radio/target/surefire 2024-12-15T21-22-35_825-jvmRun1 surefire-20241215212235873_1tmp surefire_0-20241215212235873_2tmp"/>
    <property name="jdk.debug" value="release"/>
    <property name="surefire.test.class.path" value="/Users/ayzek/Desktop/Ayzek/5 сем/JavaLabs/ThirdLab/Salimli_ThirdLab_Radio/target/test-classes:/Users/ayzek/Desktop/Ayzek/5 сем/JavaLabs/ThirdLab/Salimli_ThirdLab_Radio/target/classes:/Users/ayzek/.m2/repository/org/junit/jupiter/junit-jupiter/5.10.0/junit-jupiter-5.10.0.jar:/Users/ayzek/.m2/repository/org/junit/jupiter/junit-jupiter-api/5.10.0/junit-jupiter-api-5.10.0.jar:/Users/ayzek/.m2/repository/org/opentest4j/opentest4j/1.3.0/opentest4j-1.3.0.jar:/Users/ayzek/.m2/repository/org/junit/platform/junit-platform-commons/1.10.0/junit-platform-commons-1.10.0.jar:/Users/ayzek/.m2/repository/org/apiguardian/apiguardian-api/1.1.2/apiguardian-api-1.1.2.jar:/Users/ayzek/.m2/repository/org/junit/jupiter/junit-jupiter-params/5.10.0/junit-jupiter-params-5.10.0.jar:/Users/ayzek/.m2/repository/org/junit/jupiter/junit-jupiter-engine/5.10.0/junit-jupiter-engine-5.10.0.jar:/Users/ayzek/.m2/repository/org/junit/platform/junit-platform-engine/1.10.0/junit-platform-engine-1.10.0.jar:"/>
    <property name="sun.cpu.endian" value="little"/>
    <property name="user.home" value="/Users/ayzek"/>
    <property name="user.language" value="ru"/>
    <property name="java.specification.vendor" value="Oracle Corporation"/>
    <property name="java.version.date" value="2024-10-15"/>
    <property name="java.home" value="/opt/homebrew/Cellar/openjdk/23.0.1/libexec/openjdk.jdk/Contents/Home"/>
    <property name="file.separator" value="/"/>
    <property name="https.proxyHost" value="localhost"/>
    <property name="basedir" value="/Users/ayzek/Desktop/Ayzek/5 сем/JavaLabs/ThirdLab/Salimli_ThirdLab_Radio"/>
    <property name="java.vm.compressedOopsMode" value="Zero based"/>
    <property name="line.separator" value="&#10;"/>
    <property name="java.vm.specification.vendor" value="Oracle Corporation"/>
    <property name="java.specification.name" value="Java Platform API Specification"/>
    <property name="apple.awt.application.name" value="ForkedBooter"/>
    <property name="surefire.real.class.path" value="/Users/ayzek/Desktop/Ayzek/5 сем/JavaLabs/ThirdLab/Salimli_ThirdLab_Radio/target/surefire/surefirebooter-20241215212235873_3.jar"/>
    <property name="sun.management.compiler" value="HotSpot 64-Bit Tiered Compilers"/>
    <property name="java.runtime.version" value="23.0.1"/>
    <property name="user.name" value="ayzek"/>
    <property name="stdout.encoding" value="UTF-8"/>
    <property name="path.separator" value=":"/>
    <property name="os.version" value="15.2"/>
    <property name="java.runtime.name" value="OpenJDK Runtime Environment"/>
    <property name="file.encoding" value="UTF-8"/>
    <property name="java.vm.name" value="OpenJDK 64-Bit Server VM"/>
    <property name="java.vendor.version" value="Homebrew"/>
    <property name="localRepository" value="/Users/ayzek/.m2/repository"/>
    <property name="java.vendor.url.bug" value="https://github.com/Homebrew/homebrew-core/issues"/>
    <property name="java.io.tmpdir" value="/var/folders/f0/69pqt0w56zz5436lhbdvq19r0000gn/T/"/>
    <property name="java.version" value="23.0.1"/>
    <property name="user.dir" value="/Users/ayzek/Desktop/Ayzek/5 сем/JavaLabs/ThirdLab/Salimli_ThirdLab_Radio"/>
    <property name="os.arch" value="aarch64"/>
    <property name="java.vm.specification.name" value="Java Virtual Machine Specification"/>
    <property name="native.encoding" value="UTF-8"/>
    <property name="java.library.path" value="/Users/ayzek/Library/Java/Extensions:/Library/Java/Extensions:/Network/Library/Java/Extensions:/System/Library/Java/Extensions:/usr/lib/java:."/>
    <property name="java.vm.info" value="mixed mode, sharing"/>
    <property name="stderr.encoding" value="UTF-8"/>
    <property name="java.vendor" value="Homebrew"/>
    <property name="java.vm.version" value="23.0.1"/>
    <property name="sun.io.unicode.encoding" value="UnicodeBig"/>
    <property name="java.class.version" value="67.0"/>
    <property name="http.proxyPort" value="8118"/>
  </properties>
  <testcase name="testNoDeadlockAndNoRaceConditions" classname="ru.spbstu.telematics.java.AppTest" time="1.908">
    <system-out><![CDATA[[Блок. поток(3)] Действует!
[Сканы. поток(2)] Действует!
[Сканы] Включено!
[Сканы] Сканирование вниз от 100.0 МГц!
[Блокировка] Сканы заблокировано
[Блокировка] Упс! Кажись радио заблокировано!
[Блокировка] Разблокировано
[Сканы] Сканирование вверх от 99.5 Мгц!
[Сканы] Завершение работы
[Блок. поток(3)] Завершен(
[Сканы. поток(2)] Завершен(
]]></system-out>
  </testcase>
</testsuite>